<?xml version="1.0" encoding="UTF-8"?>
<!-- Generated by org.testng.reporters.JUnitXMLReporter -->
<testsuite ignored="0" hostname="LAPTOP-I32LRC1M" failures="7" tests="13" name="Test" time="104.166" errors="0" timestamp="2023-08-17T15:14:26 IST">
  <testcase classname="selenium.TestNG_Demo" name="Registration" time="11.842">
    <failure type="java.io.FileNotFoundException" message="C:\Users\Swapna\OneDrive\Desktop\Mercury.xlsx (The system cannot find the file specified)">
      <![CDATA[java.io.FileNotFoundException: C:\Users\Swapna\OneDrive\Desktop\Mercury.xlsx (The system cannot find the file specified)
at java.base/java.io.FileInputStream.open0(Native Method)
at java.base/java.io.FileInputStream.open(FileInputStream.java:219)
at java.base/java.io.FileInputStream.<init>(FileInputStream.java:158)
at java.base/java.io.FileInputStream.<init>(FileInputStream.java:112)
at selenium.TestNG_Demo.Registration(TestNG_Demo.java:28)
at java.base/java.util.concurrent.ThreadPoolExecutor.runWorker(ThreadPoolExecutor.java:1144)
at java.base/java.util.concurrent.ThreadPoolExecutor$Worker.run(ThreadPoolExecutor.java:642)
at java.base/java.lang.Thread.run(Thread.java:1623)
... Removed 10 stack frames]]>
    </failure>
  </testcase> <!-- Registration -->
  <testcase classname="selenium.TestNG_Demo1" name="Registraion" time="12.997"/>
  <testcase classname="selenium.TestNG_Registration" name="Loginwith_Invalid_usernameandPassword" time="7.572">
    <failure type="java.lang.AssertionError" message="expected [Invalid username] but found [My Account – Automation Practice Site]">
      <![CDATA[java.lang.AssertionError: expected [Invalid username] but found [My Account – Automation Practice Site]
at selenium.TestNG_Registration.Loginwith_Invalid_usernameandPassword(TestNG_Registration.java:109)
at java.base/java.util.concurrent.ThreadPoolExecutor.runWorker(ThreadPoolExecutor.java:1144)
at java.base/java.util.concurrent.ThreadPoolExecutor$Worker.run(ThreadPoolExecutor.java:642)
at java.base/java.lang.Thread.run(Thread.java:1623)
... Removed 16 stack frames]]>
    </failure>
  </testcase> <!-- Loginwith_Invalid_usernameandPassword -->
  <testcase classname="selenium.TestNG_Demo1" name="login" time="8.854"/>
  <testcase classname="selenium.TestNG_Demo1" name="Reservation" time="7.001">
    <failure type="java.io.FileNotFoundException" message="C:\Users\Swapna\OneDrive\Desktop\Mercury.xlsx (The system cannot find the file specified)">
      <![CDATA[java.io.FileNotFoundException: C:\Users\Swapna\OneDrive\Desktop\Mercury.xlsx (The system cannot find the file specified)
at java.base/java.io.FileInputStream.open0(Native Method)
at java.base/java.io.FileInputStream.open(FileInputStream.java:219)
at java.base/java.io.FileInputStream.<init>(FileInputStream.java:158)
at java.base/java.io.FileInputStream.<init>(FileInputStream.java:112)
at selenium.TestNG_Demo1.Reservation(TestNG_Demo1.java:79)
at java.base/java.util.concurrent.ThreadPoolExecutor.runWorker(ThreadPoolExecutor.java:1144)
at java.base/java.util.concurrent.ThreadPoolExecutor$Worker.run(ThreadPoolExecutor.java:642)
at java.base/java.lang.Thread.run(Thread.java:1623)
... Removed 10 stack frames]]>
    </failure>
  </testcase> <!-- Reservation -->
  <testcase classname="selenium.TestNG_Demo1" name="payment" time="0.005"/>
  <testcase classname="selenium.TestNG_Demo1" name="logout" time="0.004"/>
  <testcase classname="selenium.TestNG_Registration" name="Loginwith_valid_username_Password" time="6.437"/>
  <testcase classname="selenium.TestNG_Registration" name="Registration_Sign_in" time="3.927"/>
  <testcase classname="selenium.TestNG_Registration" name="Registration_with_Empty_Emailandpassword" time="3.887">
    <failure type="java.lang.AssertionError" message="expected [please provide valid email address] but found [My Account – Automation Practice Site]">
      <![CDATA[java.lang.AssertionError: expected [please provide valid email address] but found [My Account – Automation Practice Site]
at selenium.TestNG_Registration.Registration_with_Empty_Emailandpassword(TestNG_Registration.java:87)
at java.base/java.util.concurrent.ThreadPoolExecutor.runWorker(ThreadPoolExecutor.java:1144)
at java.base/java.util.concurrent.ThreadPoolExecutor$Worker.run(ThreadPoolExecutor.java:642)
at java.base/java.lang.Thread.run(Thread.java:1623)
... Removed 16 stack frames]]>
    </failure>
  </testcase> <!-- Registration_with_Empty_Emailandpassword -->
  <testcase classname="selenium.TestNG_Registration" name="Registration_with_Empty_Emailid" time="3.69">
    <failure type="java.lang.AssertionError" message="expected [please provide valid email address] but found [My Account – Automation Practice Site]">
      <![CDATA[java.lang.AssertionError: expected [please provide valid email address] but found [My Account – Automation Practice Site]
at selenium.TestNG_Registration.Registration_with_Empty_Emailid(TestNG_Registration.java:63)
at java.base/java.util.concurrent.ThreadPoolExecutor.runWorker(ThreadPoolExecutor.java:1144)
at java.base/java.util.concurrent.ThreadPoolExecutor$Worker.run(ThreadPoolExecutor.java:642)
at java.base/java.lang.Thread.run(Thread.java:1623)
... Removed 16 stack frames]]>
    </failure>
  </testcase> <!-- Registration_with_Empty_Emailid -->
  <testcase classname="selenium.TestNG_Registration" name="Registration_with_Empty_password" time="2.655">
    <failure type="java.lang.AssertionError" message="expected [please provide valid email address] but found [My Account – Automation Practice Site]">
      <![CDATA[java.lang.AssertionError: expected [please provide valid email address] but found [My Account – Automation Practice Site]
at selenium.TestNG_Registration.Registration_with_Empty_password(TestNG_Registration.java:75)
at java.base/java.util.concurrent.ThreadPoolExecutor.runWorker(ThreadPoolExecutor.java:1144)
at java.base/java.util.concurrent.ThreadPoolExecutor$Worker.run(ThreadPoolExecutor.java:642)
at java.base/java.lang.Thread.run(Thread.java:1623)
... Removed 16 stack frames]]>
    </failure>
  </testcase> <!-- Registration_with_Empty_password -->
  <testcase classname="selenium.TestNG_Registration" name="Registration_with_invalid_EmailID" time="10.261">
    <failure type="org.openqa.selenium.NoSuchElementException" message="no such element: Unable to locate element: {&amp;quot;method&amp;quot;:&amp;quot;xpath&amp;quot;,&amp;quot;selector&amp;quot;:&amp;quot;//*[@name=&amp;apos;email&amp;apos; and @id=&amp;apos;reg_email&amp;apos;]&amp;quot;}
  (Session info: chrome=115.0.5790.171)
For documentation on this error, please visit: https://www.selenium.dev/documentation/webdriver/troubleshooting/errors#no-such-element-exception
Build info: version: &amp;apos;4.10.0&amp;apos;, revision: &amp;apos;c14d967899&amp;apos;
System info: os.name: &amp;apos;Windows 11&amp;apos;, os.arch: &amp;apos;amd64&amp;apos;, os.version: &amp;apos;10.0&amp;apos;, java.version: &amp;apos;20.0.1&amp;apos;
Driver info: org.openqa.selenium.chrome.ChromeDriver
Command: [8e15c56085a952483ccd35db381cc4fb, findElement {using=xpath, value=//*[@name=&amp;apos;email&amp;apos; and @id=&amp;apos;reg_email&amp;apos;]}]
Capabilities {acceptInsecureCerts: false, browserName: chrome, browserVersion: 115.0.5790.171, chrome: {chromedriverVersion: 114.0.5735.90 (386bc09e8f4f..., userDataDir: C:\Users\Swapna\AppData\Loc...}, goog:chromeOptions: {debuggerAddress: localhost:57800}, networkConnectionEnabled: false, pageLoadStrategy: normal, platformName: windows, proxy: Proxy(), se:cdp: ws://localhost:57800/devtoo..., se:cdpVersion: 115.0.5790.171, setWindowRect: true, strictFileInteractability: false, timeouts: {implicit: 0, pageLoad: 300000, script: 30000}, unhandledPromptBehavior: dismiss and notify, webauthn:extension:credBlob: true, webauthn:extension:largeBlob: true, webauthn:extension:minPinLength: true, webauthn:extension:prf: true, webauthn:virtualAuthenticators: true}
Session ID: 8e15c56085a952483ccd35db381cc4fb">
      <![CDATA[org.openqa.selenium.NoSuchElementException: no such element: Unable to locate element: {"method":"xpath","selector":"//*[@name='email' and @id='reg_email']"}
  (Session info: chrome=115.0.5790.171)
For documentation on this error, please visit: https://www.selenium.dev/documentation/webdriver/troubleshooting/errors#no-such-element-exception
Build info: version: '4.10.0', revision: 'c14d967899'
System info: os.name: 'Windows 11', os.arch: 'amd64', os.version: '10.0', java.version: '20.0.1'
Driver info: org.openqa.selenium.chrome.ChromeDriver
Command: [8e15c56085a952483ccd35db381cc4fb, findElement {using=xpath, value=//*[@name='email' and @id='reg_email']}]
Capabilities {acceptInsecureCerts: false, browserName: chrome, browserVersion: 115.0.5790.171, chrome: {chromedriverVersion: 114.0.5735.90 (386bc09e8f4f..., userDataDir: C:\Users\Swapna\AppData\Loc...}, goog:chromeOptions: {debuggerAddress: localhost:57800}, networkConnectionEnabled: false, pageLoadStrategy: normal, platformName: windows, proxy: Proxy(), se:cdp: ws://localhost:57800/devtoo..., se:cdpVersion: 115.0.5790.171, setWindowRect: true, strictFileInteractability: false, timeouts: {implicit: 0, pageLoad: 300000, script: 30000}, unhandledPromptBehavior: dismiss and notify, webauthn:extension:credBlob: true, webauthn:extension:largeBlob: true, webauthn:extension:minPinLength: true, webauthn:extension:prf: true, webauthn:virtualAuthenticators: true}
Session ID: 8e15c56085a952483ccd35db381cc4fb
at org.openqa.selenium.remote.codec.w3c.W3CHttpResponseCodec.createException(W3CHttpResponseCodec.java:199)
at org.openqa.selenium.remote.codec.w3c.W3CHttpResponseCodec.decode(W3CHttpResponseCodec.java:132)
at org.openqa.selenium.remote.codec.w3c.W3CHttpResponseCodec.decode(W3CHttpResponseCodec.java:51)
at org.openqa.selenium.remote.HttpCommandExecutor.execute(HttpCommandExecutor.java:191)
at org.openqa.selenium.remote.service.DriverCommandExecutor.invokeExecute(DriverCommandExecutor.java:196)
at org.openqa.selenium.remote.service.DriverCommandExecutor.execute(DriverCommandExecutor.java:171)
at org.openqa.selenium.remote.RemoteWebDriver.execute(RemoteWebDriver.java:531)
at org.openqa.selenium.remote.ElementLocation$ElementFinder$2.findElement(ElementLocation.java:165)
at org.openqa.selenium.remote.ElementLocation.findElement(ElementLocation.java:59)
at org.openqa.selenium.remote.RemoteWebDriver.findElement(RemoteWebDriver.java:350)
at org.openqa.selenium.remote.RemoteWebDriver.findElement(RemoteWebDriver.java:344)
at selenium.TestNG_Registration.Registration_with_invalid_EmailID(TestNG_Registration.java:47)
at java.base/java.util.concurrent.ThreadPoolExecutor.runWorker(ThreadPoolExecutor.java:1144)
at java.base/java.util.concurrent.ThreadPoolExecutor$Worker.run(ThreadPoolExecutor.java:642)
at java.base/java.lang.Thread.run(Thread.java:1623)
... Removed 13 stack frames]]>
    </failure>
  </testcase> <!-- Registration_with_invalid_EmailID -->
</testsuite> <!-- Test -->
